; Listing file : C:\Users\Sejal\OneDrive\Desktop\2401CS17\kadane\kadane.asm
; PC        MachCode  Source
; ------------------------------------------------------------
  00000000  FFFFFE00  arr_0:  data  -2
  00000001  00000100  arr_1:  data  1
  00000002  FFFFFD00  arr_2:  data  -3
  00000003  00000400  arr_3:  data  4
  00000004  FFFFFF00  arr_4:  data  -1
  00000005  00000200  arr_5:  data  2
  00000006  00000000  ldc  0
  00000007  0000000B  a2sp
  00000008  0000050A  adj  5
  00000009  00000000  ldc  arr_0
  0000000A  00000403  stl  4
  0000000B  00000000  ldc  arr_0
  0000000C  00000004  ldnl  0
  0000000D  00000103  stl  1
  0000000E  00000203  stl  2
  0000000F  00000100  ldc  1
  00000010  00000003  stl  0
                      loop:  
  00000011  00000002  ldl  0
  00000012  FFFFFA01  adc  -6
  00000013  00000110  brlz  body
  00000014  00001B11  br  done
                      body:  
  00000015  00000402  ldl  4
  00000016  00000002  ldl  0
  00000017  00000006  add
  00000018  00000004  ldnl  0
  00000019  00000303  stl  3
  0000001A  00000102  ldl  1
  0000001B  00000302  ldl  3
  0000001C  00000006  add
  0000001D  00000103  stl  1
  0000001E  00000102  ldl  1
  0000001F  00000302  ldl  3
  00000020  00000007  sub
  00000021  00000310  brlz  no_reset
  00000022  0000020F  brz  no_reset
  00000023  00000302  ldl  3
  00000024  00000103  stl  1
                      no_reset:  
  00000025  00000202  ldl  2
  00000026  00000102  ldl  1
  00000027  00000007  sub
  00000028  00000310  brlz  no_update
  00000029  0000020F  brz  no_update
  0000002A  00000102  ldl  1
  0000002B  00000203  stl  2
                      no_update:  
  0000002C  00000002  ldl  0
  0000002D  00000101  adc  1
  0000002E  00000003  stl  0
  0000002F  FFFFE111  br  loop
                      done:  
  00000030  00000202  ldl  2
  00000031  00000012  HALT
