; Listing file : C:\Users\Sejal\OneDrive\Desktop\2401CS17\sumofarray\sumofarray.asm
; PC        MachCode  Source
; ------------------------------------------------------------
  00000000  00012C00  ldc  300
  00000001  0000000B  a2sp
  00000002  0000030A  adj  3
  00000003  00000A00  ldc  10
  00000004  00006400  ldc  100
  00000005  00000005  stnl  0
  00000006  00001400  ldc  20
  00000007  00006400  ldc  100
  00000008  00000105  stnl  1
  00000009  00001E00  ldc  30
  0000000A  00006400  ldc  100
  0000000B  00000205  stnl  2
  0000000C  00002800  ldc  40
  0000000D  00006400  ldc  100
  0000000E  00000305  stnl  3
  0000000F  00003200  ldc  50
  00000010  00006400  ldc  100
  00000011  00000405  stnl  4
  00000012  00006400  ldc  100
  00000013  00000203  stl  2
  00000014  00000000  ldc  0
  00000015  00000103  stl  1
  00000016  00000000  ldc  0
  00000017  00000003  stl  0
                      loop:  
  00000018  00000002  ldl  0
  00000019  FFFFFB01  adc  -5
  0000001A  00000110  brlz  body
  0000001B  00000B11  br  done
                      body:  
  0000001C  00000202  ldl  2
  0000001D  00000002  ldl  0
  0000001E  00000006  add
  0000001F  00000004  ldnl  0
  00000020  00000102  ldl  1
  00000021  00000006  add
  00000022  00000103  stl  1
  00000023  00000002  ldl  0
  00000024  00000101  adc  1
  00000025  00000003  stl  0
  00000026  FFFFF111  br  loop
                      done:  
  00000027  00000102  ldl  1
  00000028  0000C800  ldc  200
  00000029  00000005  stnl  0
  0000002A  00000000  ldc  0
  0000002B  00000003  stl  0
  0000002C  00000102  ldl  1
                      avg_loop:  
  0000002D  FFFFFB01  adc  -5
  0000002E  00000A10  brlz  avg_store
  0000002F  0000060F  brz  avg_exact
  00000030  00000103  stl  1
  00000031  00000002  ldl  0
  00000032  00000101  adc  1
  00000033  00000003  stl  0
  00000034  00000102  ldl  1
  00000035  FFFFF711  br  avg_loop
                      avg_exact:  
  00000036  00000002  ldl  0
  00000037  00000101  adc  1
  00000038  00000003  stl  0
                      avg_store:  
  00000039  00000002  ldl  0
  0000003A  0000C800  ldc  200
  0000003B  00000105  stnl  1
  0000003C  00000012  HALT
