; Listing file : C:\Users\Sejal\OneDrive\Desktop\2401CS17\bubble_sort\bubble_sort.asm
; PC        MachCode  Source
; ------------------------------------------------------------
  00000000  00012C00  ldc  300
  00000001  0000000B  a2sp
  00000002  00000500  ldc  5
  00000003  0000C800  ldc  200
  00000004  00000005  stnl  0
  00000005  00000300  ldc  3
  00000006  0000C800  ldc  200
  00000007  00000105  stnl  1
  00000008  00000800  ldc  8
  00000009  0000C800  ldc  200
  0000000A  00000205  stnl  2
  0000000B  00000100  ldc  1
  0000000C  0000C800  ldc  200
  0000000D  00000305  stnl  3
  0000000E  00000400  ldc  4
  0000000F  0000C800  ldc  200
  00000010  00000405  stnl  4
  00000011  00000000  ldc  0
  00000012  00000003  stl  0
                      outer:  
  00000013  00000002  ldl  0
  00000014  00000400  ldc  4
  00000015  00000007  sub
  00000016  0000220F  brz  done
  00000017  00000000  ldc  0
  00000018  00000103  stl  1
                      inner:  
  00000019  00000102  ldl  1
  0000001A  00000400  ldc  4
  0000001B  00000007  sub
  0000001C  0000180F  brz  next_i
  0000001D  0000C800  ldc  200
  0000001E  00000102  ldl  1
  0000001F  00000006  add
  00000020  00000403  stl  4
  00000021  00000402  ldl  4
  00000022  00000004  ldnl  0
  00000023  00000203  stl  2
  00000024  00000402  ldl  4
  00000025  00000104  ldnl  1
  00000026  00000303  stl  3
  00000027  00000202  ldl  2
  00000028  00000302  ldl  3
  00000029  00000007  sub
  0000002A  00000610  brlz  noswap
  0000002B  00000302  ldl  3
  0000002C  00000402  ldl  4
  0000002D  00000005  stnl  0
  0000002E  00000202  ldl  2
  0000002F  00000402  ldl  4
  00000030  00000105  stnl  1
                      noswap:  
  00000031  00000102  ldl  1
  00000032  00000101  adc  1
  00000033  00000103  stl  1
  00000034  FFFFE411  br  inner
                      next_i:  
  00000035  00000002  ldl  0
  00000036  00000101  adc  1
  00000037  00000003  stl  0
  00000038  FFFFDA11  br  outer
  00000039  00000012  done:  HALT
