; Listing file : C:\Users\Sejal\OneDrive\Desktop\2401CS17\second_largest\second_largest.asm
; PC        MachCode  Source
; ------------------------------------------------------------
  00000000  00000300  arr_0:  data  3
  00000001  00000100  arr_1:  data  1
  00000002  00000400  arr_2:  data  4
  00000003  00000100  arr_3:  data  1
  00000004  00000500  arr_4:  data  5
  00000005  00000900  arr_5:  data  9
  00000006  00000000  ldc  0
  00000007  0000000B  a2sp
  00000008  0000050A  adj  5
  00000009  00000000  ldc  arr_0
  0000000A  00000403  stl  4
  0000000B  00000000  ldc  arr_0
  0000000C  00000004  ldnl  0
  0000000D  00000103  stl  1
  0000000E  00000000  ldc  arr_0
  0000000F  00000104  ldnl  1
  00000010  00000203  stl  2
  00000011  00000102  ldl  1
  00000012  00000202  ldl  2
  00000013  00000007  sub
  00000014  00000710  brlz  seed_ok
  00000015  0000060F  brz  seed_ok
  00000016  00000102  ldl  1
  00000017  00000303  stl  3
  00000018  00000202  ldl  2
  00000019  00000103  stl  1
  0000001A  00000302  ldl  3
  0000001B  00000203  stl  2
                      seed_ok:  
  0000001C  00000200  ldc  2
  0000001D  00000003  stl  0
                      loop:  
  0000001E  00000002  ldl  0
  0000001F  FFFFFA01  adc  -6
  00000020  00000110  brlz  body
  00000021  00001E11  br  done
                      body:  
  00000022  00000402  ldl  4
  00000023  00000002  ldl  0
  00000024  00000006  add
  00000025  00000004  ldnl  0
  00000026  00000303  stl  3
  00000027  00000102  ldl  1
  00000028  00000302  ldl  3
  00000029  00000007  sub
  0000002A  00000610  brlz  chk_second
  0000002B  0000050F  brz  chk_second
  0000002C  00000102  ldl  1
  0000002D  00000203  stl  2
  0000002E  00000302  ldl  3
  0000002F  00000103  stl  1
  00000030  00000B11  br  next_i
                      chk_second:  
  00000031  00000202  ldl  2
  00000032  00000302  ldl  3
  00000033  00000007  sub
  00000034  00000710  brlz  next_i
  00000035  0000060F  brz  next_i
  00000036  00000102  ldl  1
  00000037  00000302  ldl  3
  00000038  00000007  sub
  00000039  0000020F  brz  next_i
  0000003A  00000302  ldl  3
  0000003B  00000203  stl  2
                      next_i:  
  0000003C  00000002  ldl  0
  0000003D  00000101  adc  1
  0000003E  00000003  stl  0
  0000003F  FFFFDE11  br  loop
                      done:  
  00000040  00000202  ldl  2
  00000041  00000012  HALT
